Using pre-set license
Built from '2021.1/staging' branch; Version is '2021.1.2f1 (e5d502d80fbb) revision 15062274'; Using compiler version '192528614'; Build Type 'Release'
OS: 'Windows 10 Enterprise; OS build 19042.870; Version 2009; 64bit' Language: 'en' Physical Memory: 8155 MB
BatchMode: 1, IsHumanControllingUs: 0, StartBugReporterOnCrash: 0, Is64bit: 1, IsPro: 0

 COMMAND LINE ARGUMENTS:
D:\Program Files\UnityEditors\2021.1.2f1\Editor\Unity.exe
-adb2
-batchMode
-noUpm
-name
AssetImportWorker0
-projectPath
G:/Projects/Unity Projects/Unity-Mesh-Editor
-logFile
Logs/AssetImportWorker0.log
-srvPort
1659
Successfully changed project path to: G:/Projects/Unity Projects/Unity-Mesh-Editor
G:/Projects/Unity Projects/Unity-Mesh-Editor
Using Asset Import Pipeline V2.
Refreshing native plugins compatible for Editor in 90.80 ms, found 1 plugins.
Preloading 0 native plugins for Editor in 0.00 ms.
Initialize engine version: 2021.1.2f1 (e5d502d80fbb)
[Subsystems] Discovering subsystems at path D:/Program Files/UnityEditors/2021.1.2f1/Editor/Data/Resources/UnitySubsystems
[Subsystems] Discovering subsystems at path G:/Projects/Unity Projects/Unity-Mesh-Editor/Assets
GfxDevice: creating device client; threaded=0; jobified=0
Direct3D:
    Version:  Direct3D 11.0 [level 11.0]
    Renderer: AMD Radeon HD 5450 (ID=0x68f9)
    Vendor:   ATI
    VRAM:     1010 MB
    Driver:   15.200.1062.1004
Initialize mono
Mono path[0] = 'D:/Program Files/UnityEditors/2021.1.2f1/Editor/Data/Managed'
Mono path[1] = 'D:/Program Files/UnityEditors/2021.1.2f1/Editor/Data/MonoBleedingEdge/lib/mono/unityjit'
Mono config path = 'D:/Program Files/UnityEditors/2021.1.2f1/Editor/Data/MonoBleedingEdge/etc'
Using monoOptions --debugger-agent=transport=dt_socket,embedding=1,server=y,suspend=n,address=127.0.0.1:56624
Begin MonoManager ReloadAssembly
Registering precompiled unity dll's ...
Register platform support module: D:/Program Files/UnityEditors/2021.1.2f1/Editor/Data/PlaybackEngines/WindowsStandaloneSupport/UnityEditor.WindowsStandalone.Extensions.dll
Registered in 0.001553 seconds.
Native extension for WindowsStandalone target not found
Refreshing native plugins compatible for Editor in 92.67 ms, found 1 plugins.
Preloading 0 native plugins for Editor in 0.00 ms.
Mono: successfully reloaded assembly
- Completed reload, in  1.271 seconds
Platform modules already initialized, skipping
Registering precompiled user dll's ...
Registered in 0.002533 seconds.
Begin MonoManager ReloadAssembly
Native extension for WindowsStandalone target not found
Refreshing native plugins compatible for Editor in 0.58 ms, found 1 plugins.
Preloading 0 native plugins for Editor in 0.00 ms.
Mono: successfully reloaded assembly
- Completed reload, in  1.188 seconds
Platform modules already initialized, skipping
========================================================================
Worker process is ready to serve import requests
Launched and connected shader compiler UnityShaderCompiler.exe after 0.05 seconds
Refreshing native plugins compatible for Editor in 0.57 ms, found 1 plugins.
Preloading 0 native plugins for Editor in 0.00 ms.
Unloading 2669 Unused Serialized files (Serialized files now loaded: 0)
System memory in use before: 98.3 MB.
System memory in use after: 98.5 MB.

Unloading 15 unused Assets to reduce memory usage. Loaded Objects now: 3121.
Total: 2.899500 ms (FindLiveObjects: 0.353700 ms CreateObjectMapping: 0.159900 ms MarkObjects: 2.286800 ms  DeleteObjects: 0.097300 ms)

========================================================================
Received Import Request.
  path: Assets/Prefabs/Dragable.prefab
  artifactKey: Guid(c2f4e1cfa32a2c142b40ca358c90fd3b) Importer(815301076,1909f56bfc062723c751e8b465ee728b)
Start importing Assets/Prefabs/Dragable.prefab using Guid(c2f4e1cfa32a2c142b40ca358c90fd3b) Importer(815301076,1909f56bfc062723c751e8b465ee728b)  -> (artifact id: '97e052db1b27c6aac781d23faee5ced7') in 0.141176 seconds 
========================================================================
Received Prepare
Registering precompiled user dll's ...
Registered in 0.002604 seconds.
Begin MonoManager ReloadAssembly
Native extension for WindowsStandalone target not found
Refreshing native plugins compatible for Editor in 0.60 ms, found 1 plugins.
Preloading 0 native plugins for Editor in 0.00 ms.
Mono: successfully reloaded assembly
- Completed reload, in  1.040 seconds
Platform modules already initialized, skipping
Refreshing native plugins compatible for Editor in 0.95 ms, found 1 plugins.
Preloading 0 native plugins for Editor in 0.00 ms.
Unloading 2664 Unused Serialized files (Serialized files now loaded: 0)
System memory in use before: 101.9 MB.
System memory in use after: 102.1 MB.

Unloading 10 unused Assets to reduce memory usage. Loaded Objects now: 3132.
Total: 3.618900 ms (FindLiveObjects: 0.254700 ms CreateObjectMapping: 0.141200 ms MarkObjects: 3.168300 ms  DeleteObjects: 0.052800 ms)

========================================================================
Received Import Request.
  Time since last request: 41.815999 seconds.
  path: Assets/Prefabs/Dragable.prefab
  artifactKey: Guid(c2f4e1cfa32a2c142b40ca358c90fd3b) Importer(815301076,1909f56bfc062723c751e8b465ee728b)
Start importing Assets/Prefabs/Dragable.prefab using Guid(c2f4e1cfa32a2c142b40ca358c90fd3b) Importer(815301076,1909f56bfc062723c751e8b465ee728b)  -> (artifact id: '4a6c162779bad2856a0f63915d2acd1a') in 0.073076 seconds 
========================================================================
Received Import Request.
  Time since last request: 4.858307 seconds.
  path: Assets/Prefabs/Dragable.prefab
  artifactKey: Guid(c2f4e1cfa32a2c142b40ca358c90fd3b) Importer(815301076,1909f56bfc062723c751e8b465ee728b)
Start importing Assets/Prefabs/Dragable.prefab using Guid(c2f4e1cfa32a2c142b40ca358c90fd3b) Importer(815301076,1909f56bfc062723c751e8b465ee728b)  -> (artifact id: '53f57f14f29288ecdbd08e40d2685a42') in 0.014437 seconds 
========================================================================
Received Import Request.
  Time since last request: 4.035731 seconds.
  path: Assets/Prefabs/Dragable.prefab
  artifactKey: Guid(c2f4e1cfa32a2c142b40ca358c90fd3b) Importer(815301076,1909f56bfc062723c751e8b465ee728b)
Start importing Assets/Prefabs/Dragable.prefab using Guid(c2f4e1cfa32a2c142b40ca358c90fd3b) Importer(815301076,1909f56bfc062723c751e8b465ee728b)  -> (artifact id: 'e1cc5e1c64cfb3a09e530fb3d1b30e9e') in 0.013177 seconds 
========================================================================
Received Import Request.
  Time since last request: 25.047874 seconds.
  path: Assets/Materials/DragablePoligon.mat
  artifactKey: Guid(4525a8e2ec780ca4389050ff5b8ad9a9) Importer(815301076,1909f56bfc062723c751e8b465ee728b)
Start importing Assets/Materials/DragablePoligon.mat using Guid(4525a8e2ec780ca4389050ff5b8ad9a9) Importer(815301076,1909f56bfc062723c751e8b465ee728b)  -> (artifact id: 'cbbab82b935a628a835c8bf6dd06da7a') in 0.052247 seconds 
========================================================================
Received Prepare
Registering precompiled user dll's ...
Registered in 0.002968 seconds.
Begin MonoManager ReloadAssembly
Native extension for WindowsStandalone target not found
Refreshing native plugins compatible for Editor in 0.56 ms, found 1 plugins.
Preloading 0 native plugins for Editor in 0.00 ms.
Mono: successfully reloaded assembly
- Completed reload, in  1.084 seconds
Platform modules already initialized, skipping
Refreshing native plugins compatible for Editor in 0.60 ms, found 1 plugins.
Preloading 0 native plugins for Editor in 0.00 ms.
Unloading 2664 Unused Serialized files (Serialized files now loaded: 0)
System memory in use before: 102.2 MB.
System memory in use after: 102.4 MB.

Unloading 10 unused Assets to reduce memory usage. Loaded Objects now: 3169.
Total: 2.330000 ms (FindLiveObjects: 0.253800 ms CreateObjectMapping: 0.169900 ms MarkObjects: 1.850700 ms  DeleteObjects: 0.054000 ms)

========================================================================
Received Import Request.
  Time since last request: 7.599513 seconds.
  path: Assets/Prefabs/Dragable.prefab
  artifactKey: Guid(c2f4e1cfa32a2c142b40ca358c90fd3b) Importer(815301076,1909f56bfc062723c751e8b465ee728b)
Start importing Assets/Prefabs/Dragable.prefab using Guid(c2f4e1cfa32a2c142b40ca358c90fd3b) Importer(815301076,1909f56bfc062723c751e8b465ee728b)  -> (artifact id: '2c72475f6fd0ef65c5754be66e36db4a') in 0.084827 seconds 
========================================================================
Received Prepare
Registering precompiled user dll's ...
Registered in 0.002622 seconds.
Begin MonoManager ReloadAssembly
Native extension for WindowsStandalone target not found
Refreshing native plugins compatible for Editor in 0.57 ms, found 1 plugins.
Preloading 0 native plugins for Editor in 0.00 ms.
Mono: successfully reloaded assembly
- Completed reload, in  1.089 seconds
Platform modules already initialized, skipping
Refreshing native plugins compatible for Editor in 0.82 ms, found 1 plugins.
Preloading 0 native plugins for Editor in 0.00 ms.
Unloading 2664 Unused Serialized files (Serialized files now loaded: 0)
System memory in use before: 102.2 MB.
System memory in use after: 102.4 MB.

Unloading 10 unused Assets to reduce memory usage. Loaded Objects now: 3174.
Total: 2.575700 ms (FindLiveObjects: 0.250000 ms CreateObjectMapping: 0.137700 ms MarkObjects: 2.121400 ms  DeleteObjects: 0.064400 ms)

========================================================================
Received Prepare
Registering precompiled user dll's ...
Registered in 0.002549 seconds.
Begin MonoManager ReloadAssembly
Native extension for WindowsStandalone target not found
Refreshing native plugins compatible for Editor in 0.56 ms, found 1 plugins.
Preloading 0 native plugins for Editor in 0.00 ms.
Mono: successfully reloaded assembly
- Completed reload, in  1.064 seconds
Platform modules already initialized, skipping
Refreshing native plugins compatible for Editor in 0.63 ms, found 1 plugins.
Preloading 0 native plugins for Editor in 0.00 ms.
Unloading 2664 Unused Serialized files (Serialized files now loaded: 0)
System memory in use before: 102.3 MB.
System memory in use after: 102.5 MB.

Unloading 10 unused Assets to reduce memory usage. Loaded Objects now: 3177.
Total: 2.498800 ms (FindLiveObjects: 0.256700 ms CreateObjectMapping: 0.136100 ms MarkObjects: 2.035300 ms  DeleteObjects: 0.068300 ms)

========================================================================
Received Prepare
Registering precompiled user dll's ...
Registered in 0.002611 seconds.
Begin MonoManager ReloadAssembly
Native extension for WindowsStandalone target not found
Refreshing native plugins compatible for Editor in 0.60 ms, found 1 plugins.
Preloading 0 native plugins for Editor in 0.00 ms.
Mono: successfully reloaded assembly
- Completed reload, in  1.046 seconds
Platform modules already initialized, skipping
Refreshing native plugins compatible for Editor in 0.58 ms, found 1 plugins.
Preloading 0 native plugins for Editor in 0.00 ms.
Unloading 2664 Unused Serialized files (Serialized files now loaded: 0)
System memory in use before: 102.3 MB.
System memory in use after: 102.5 MB.

Unloading 10 unused Assets to reduce memory usage. Loaded Objects now: 3180.
Total: 3.525300 ms (FindLiveObjects: 0.369800 ms CreateObjectMapping: 0.364400 ms MarkObjects: 2.713100 ms  DeleteObjects: 0.075800 ms)

========================================================================
Received Import Request.
  Time since last request: 561.195432 seconds.
  path: Assets/Prefabs/Dragable.prefab
  artifactKey: Guid(c2f4e1cfa32a2c142b40ca358c90fd3b) Importer(815301076,1909f56bfc062723c751e8b465ee728b)
Start importing Assets/Prefabs/Dragable.prefab using Guid(c2f4e1cfa32a2c142b40ca358c90fd3b) Importer(815301076,1909f56bfc062723c751e8b465ee728b)  -> (artifact id: '46864ef5c2af9ff5eac020d2f77a4e0a') in 0.074772 seconds 
========================================================================
Received Prepare
Registering precompiled user dll's ...
Registered in 0.002595 seconds.
Begin MonoManager ReloadAssembly
Native extension for WindowsStandalone target not found
Refreshing native plugins compatible for Editor in 0.57 ms, found 1 plugins.
Preloading 0 native plugins for Editor in 0.00 ms.
Mono: successfully reloaded assembly
- Completed reload, in  1.073 seconds
Platform modules already initialized, skipping
Refreshing native plugins compatible for Editor in 0.62 ms, found 1 plugins.
Preloading 0 native plugins for Editor in 0.00 ms.
Unloading 2664 Unused Serialized files (Serialized files now loaded: 0)
System memory in use before: 102.3 MB.
System memory in use after: 102.5 MB.

Unloading 10 unused Assets to reduce memory usage. Loaded Objects now: 3184.
Total: 3.258300 ms (FindLiveObjects: 0.316900 ms CreateObjectMapping: 0.279100 ms MarkObjects: 2.591500 ms  DeleteObjects: 0.068900 ms)

========================================================================
Received Import Request.
  Time since last request: 42.272257 seconds.
  path: Assets/Scripts/Mesh editor/VertexEditor.cs
  artifactKey: Guid(e1da7d6b11d6a2d4c9a04fdecb798875) Importer(815301076,1909f56bfc062723c751e8b465ee728b)
Start importing Assets/Scripts/Mesh editor/VertexEditor.cs using Guid(e1da7d6b11d6a2d4c9a04fdecb798875) Importer(815301076,1909f56bfc062723c751e8b465ee728b)  -> (artifact id: '464e2ffdf4ee006f8e1a7de2277fc58e') in 0.027161 seconds 
========================================================================
Received Import Request.
  Time since last request: 33.258441 seconds.
  path: Assets/Prefabs/Dragable.prefab
  artifactKey: Guid(c2f4e1cfa32a2c142b40ca358c90fd3b) Importer(815301076,1909f56bfc062723c751e8b465ee728b)
Start importing Assets/Prefabs/Dragable.prefab using Guid(c2f4e1cfa32a2c142b40ca358c90fd3b) Importer(815301076,1909f56bfc062723c751e8b465ee728b)  -> (artifact id: 'e07185dbee55526eebee86403b517b6a') in 0.086890 seconds 
========================================================================
Received Import Request.
  Time since last request: 34.424179 seconds.
  path: Assets/Prefabs/Dragable.prefab
  artifactKey: Guid(c2f4e1cfa32a2c142b40ca358c90fd3b) Importer(815301076,1909f56bfc062723c751e8b465ee728b)
Start importing Assets/Prefabs/Dragable.prefab using Guid(c2f4e1cfa32a2c142b40ca358c90fd3b) Importer(815301076,1909f56bfc062723c751e8b465ee728b)  -> (artifact id: 'c537df4052d2fd9a14940e3f448bf2c1') in 0.018982 seconds 
========================================================================
Received Prepare
Registering precompiled user dll's ...
Registered in 0.002664 seconds.
Begin MonoManager ReloadAssembly
Native extension for WindowsStandalone target not found
Refreshing native plugins compatible for Editor in 0.56 ms, found 1 plugins.
Preloading 0 native plugins for Editor in 0.00 ms.
Mono: successfully reloaded assembly
- Completed reload, in  1.072 seconds
Platform modules already initialized, skipping
Refreshing native plugins compatible for Editor in 0.58 ms, found 1 plugins.
Preloading 0 native plugins for Editor in 0.00 ms.
Unloading 2664 Unused Serialized files (Serialized files now loaded: 0)
System memory in use before: 102.3 MB.
System memory in use after: 102.5 MB.

Unloading 10 unused Assets to reduce memory usage. Loaded Objects now: 3188.
Total: 2.683300 ms (FindLiveObjects: 0.269500 ms CreateObjectMapping: 0.126900 ms MarkObjects: 2.205400 ms  DeleteObjects: 0.079400 ms)

AssetImportWorkerClient::OnTransportError - code=2 error=End of file
